Start testing: Oct 23 23:26 BST
----------------------------------------------------------
Unable to find executable: tests_NOT_BUILT
1/1 Testing: tests_NOT_BUILT
1/1 Test: tests_NOT_BUILT
Command: ""
Directory: /home/dan/Dev/simdmonte/tests
"tests_NOT_BUILT" start time: 
Output:
----------------------------------------------------------
<end of output>
Test time =   0.00 sec
----------------------------------------------------------
Test Passed.
"tests_NOT_BUILT" end time: Oct 23 23:26 BST
"tests_NOT_BUILT" time elapsed: 00:00:00
----------------------------------------------------------

End testing: Oct 23 23:26 BST
